# JRE version: Java(TM) SE Runtime Environment (8.0_201-b09) (build 1.8.0_201-b09)
# Java VM: Java HotSpot(TM) 64-Bit Server VM (25.201-b09 mixed mode windows-amd64 compressed oops)
Heap:
 PSYoungGen      total 904192K, used 598749K [0x000000076be00000, 0x00000007aae00000, 0x00000007c0000000)
  eden space 810496K, 63% used [0x000000076be00000,0x000000078b829c68,0x000000079d580000)
  from space 93696K, 85% used [0x00000007a3a00000,0x00000007a888da20,0x00000007a9580000)
  to   space 102912K, 0% used [0x000000079d580000,0x000000079d580000,0x00000007a3a00000)
 ParOldGen       total 277504K, used 19582K [0x00000006c3a00000, 0x00000006d4900000, 0x000000076be00000)
  object space 277504K, 7% used [0x00000006c3a00000,0x00000006c4d1fbe8,0x00000006d4900000)
 Metaspace       used 45659K, capacity 51324K, committed 60504K, reserved 1103872K
  class space    used 4113K, capacity 4940K, committed 5504K, reserved 1048576K
GC Heap History (10 events):
Event: 14.385 GC heap before
{Heap before GC invocations=16 (full 3):
 PSYoungGen      total 503296K, used 498328K [0x000000076be00000, 0x0000000790200000, 0x00000007c0000000)
  eden space 453632K, 100% used [0x000000076be00000,0x0000000787900000,0x0000000787900000)
  from space 49664K, 89% used [0x000000078d180000,0x000000078fd26390,0x0000000790200000)
  to   space 70144K, 0% used [0x0000000787900000,0x0000000787900000,0x000000078bd80000)
 ParOldGen       total 211456K, used 18931K [0x00000006c3a00000, 0x00000006d0880000, 0x000000076be00000)
  object space 211456K, 8% used [0x00000006c3a00000,0x00000006c4c7ce50,0x00000006d0880000)
 Metaspace       used 40944K, capacity 45988K, committed 52312K, reserved 1097728K
  class space    used 4028K, capacity 4756K, committed 4992K, reserved 1048576K
Event: 14.441 GC heap after
Heap after GC invocations=16 (full 3):
 PSYoungGen      total 523776K, used 59938K [0x000000076be00000, 0x000000079a800000, 0x00000007c0000000)
  eden space 453632K, 0% used [0x000000076be00000,0x000000076be00000,0x0000000787900000)
  from space 70144K, 85% used [0x0000000787900000,0x000000078b388870,0x000000078bd80000)
  to   space 76800K, 0% used [0x0000000795d00000,0x0000000795d00000,0x000000079a800000)
 ParOldGen       total 211456K, used 61162K [0x00000006c3a00000, 0x00000006d0880000, 0x000000076be00000)
  object space 211456K, 28% used [0x00000006c3a00000,0x00000006c75ba950,0x00000006d0880000)
 Metaspace       used 40944K, capacity 45988K, committed 52312K, reserved 1097728K
  class space    used 4028K, capacity 4756K, committed 4992K, reserved 1048576K
}
Event: 15.532 GC heap before
{Heap before GC invocations=17 (full 3):
 PSYoungGen      total 523776K, used 513570K [0x000000076be00000, 0x000000079a800000, 0x00000007c0000000)
  eden space 453632K, 100% used [0x000000076be00000,0x0000000787900000,0x0000000787900000)
  from space 70144K, 85% used [0x0000000787900000,0x000000078b388870,0x000000078bd80000)
  to   space 76800K, 0% used [0x0000000795d00000,0x0000000795d00000,0x000000079a800000)
 ParOldGen       total 211456K, used 61162K [0x00000006c3a00000, 0x00000006d0880000, 0x000000076be00000)
  object space 211456K, 28% used [0x00000006c3a00000,0x00000006c75ba950,0x00000006d0880000)
 Metaspace       used 47199K, capacity 53836K, committed 53976K, reserved 1097728K
  class space    used 4180K, capacity 5040K, committed 5120K, reserved 1048576K
Event: 15.575 GC heap after
Heap after GC invocations=17 (full 3):
 PSYoungGen      total 681984K, used 60233K [0x000000076be00000, 0x000000079b680000, 0x00000007c0000000)
  eden space 605184K, 0% used [0x000000076be00000,0x000000076be00000,0x0000000790d00000)
  from space 76800K, 78% used [0x0000000795d00000,0x00000007997d2490,0x000000079a800000)
  to   space 81920K, 0% used [0x0000000790d00000,0x0000000790d00000,0x0000000795d00000)
 ParOldGen       total 211456K, used 117711K [0x00000006c3a00000, 0x00000006d0880000, 0x000000076be00000)
  object space 211456K, 55% used [0x00000006c3a00000,0x00000006cacf3ca0,0x00000006d0880000)
 Metaspace       used 47199K, capacity 53836K, committed 53976K, reserved 1097728K
  class space    used 4180K, capacity 5040K, committed 5120K, reserved 1048576K
}
Event: 17.031 GC heap before
{Heap before GC invocations=18 (full 3):
 PSYoungGen      total 681984K, used 665417K [0x000000076be00000, 0x000000079b680000, 0x00000007c0000000)
  eden space 605184K, 100% used [0x000000076be00000,0x0000000790d00000,0x0000000790d00000)
  from space 76800K, 78% used [0x0000000795d00000,0x00000007997d2490,0x000000079a800000)
  to   space 81920K, 0% used [0x0000000790d00000,0x0000000790d00000,0x0000000795d00000)
 ParOldGen       total 211456K, used 117711K [0x00000006c3a00000, 0x00000006d0880000, 0x000000076be00000)
  object space 211456K, 55% used [0x00000006c3a00000,0x00000006cacf3ca0,0x00000006d0880000)
 Metaspace       used 55498K, capacity 64496K, committed 64600K, reserved 1107968K
  class space    used 4386K, capacity 5420K, committed 5504K, reserved 1048576K
Event: 17.122 GC heap after
Heap after GC invocations=18 (full 3):
 PSYoungGen      total 687104K, used 80419K [0x000000076be00000, 0x00000007a9580000, 0x00000007c0000000)
  eden space 605184K, 0% used [0x000000076be00000,0x000000076be00000,0x0000000790d00000)
  from space 81920K, 98% used [0x0000000790d00000,0x0000000795b88c78,0x0000000795d00000)
  to   space 93696K, 0% used [0x00000007a3a00000,0x00000007a3a00000,0x00000007a9580000)
 ParOldGen       total 211456K, used 175187K [0x00000006c3a00000, 0x00000006d0880000, 0x000000076be00000)
  object space 211456K, 82% used [0x00000006c3a00000,0x00000006ce514ca0,0x00000006d0880000)
 Metaspace       used 55498K, capacity 64496K, committed 64600K, reserved 1107968K
  class space    used 4386K, capacity 5420K, committed 5504K, reserved 1048576K
}
Event: 17.122 GC heap before
{Heap before GC invocations=19 (full 4):
 PSYoungGen      total 687104K, used 80419K [0x000000076be00000, 0x00000007a9580000, 0x00000007c0000000)
  eden space 605184K, 0% used [0x000000076be00000,0x000000076be00000,0x0000000790d00000)
  from space 81920K, 98% used [0x0000000790d00000,0x0000000795b88c78,0x0000000795d00000)
  to   space 93696K, 0% used [0x00000007a3a00000,0x00000007a3a00000,0x00000007a9580000)
 ParOldGen       total 211456K, used 175187K [0x00000006c3a00000, 0x00000006d0880000, 0x000000076be00000)
  object space 211456K, 82% used [0x00000006c3a00000,0x00000006ce514ca0,0x00000006d0880000)
 Metaspace       used 55498K, capacity 64496K, committed 64600K, reserved 1107968K
  class space    used 4386K, capacity 5420K, committed 5504K, reserved 1048576K
Event: 17.163 GC heap after
Heap after GC invocations=19 (full 4):
 PSYoungGen      total 687104K, used 0K [0x000000076be00000, 0x00000007a9580000, 0x00000007c0000000)
  eden space 605184K, 0% used [0x000000076be00000,0x000000076be00000,0x0000000790d00000)
  from space 81920K, 0% used [0x0000000790d00000,0x0000000790d00000,0x0000000795d00000)
  to   space 93696K, 0% used [0x00000007a3a00000,0x00000007a3a00000,0x00000007a9580000)
 ParOldGen       total 277504K, used 19574K [0x00000006c3a00000, 0x00000006d4900000, 0x000000076be00000)
  object space 277504K, 7% used [0x00000006c3a00000,0x00000006c4d1dbe8,0x00000006d4900000)
 Metaspace       used 30305K, capacity 31834K, committed 60504K, reserved 1103872K
  class space    used 3735K, capacity 4238K, committed 5504K, reserved 1048576K
}
Event: 18.619 GC heap before
{Heap before GC invocations=20 (full 4):
 PSYoungGen      total 687104K, used 605184K [0x000000076be00000, 0x00000007a9580000, 0x00000007c0000000)
  eden space 605184K, 100% used [0x000000076be00000,0x0000000790d00000,0x0000000790d00000)
  from space 81920K, 0% used [0x0000000790d00000,0x0000000790d00000,0x0000000795d00000)
  to   space 93696K, 0% used [0x00000007a3a00000,0x00000007a3a00000,0x00000007a9580000)
 ParOldGen       total 277504K, used 19574K [0x00000006c3a00000, 0x00000006d4900000, 0x000000076be00000)
  object space 277504K, 7% used [0x00000006c3a00000,0x00000006c4d1dbe8,0x00000006d4900000)
 Metaspace       used 38638K, capacity 42568K, committed 60504K, reserved 1103872K
  class space    used 3944K, capacity 4628K, committed 5504K, reserved 1048576K
Event: 18.651 GC heap after
Heap after GC invocations=20 (full 4):
 PSYoungGen      total 904192K, used 80438K [0x000000076be00000, 0x00000007aae00000, 0x00000007c0000000)
  eden space 810496K, 0% used [0x000000076be00000,0x000000076be00000,0x000000079d580000)
  from space 93696K, 85% used [0x00000007a3a00000,0x00000007a888da20,0x00000007a9580000)
  to   space 102912K, 0% used [0x000000079d580000,0x000000079d580000,0x00000007a3a00000)
 ParOldGen       total 277504K, used 19582K [0x00000006c3a00000, 0x00000006d4900000, 0x000000076be00000)
  object space 277504K, 7% used [0x00000006c3a00000,0x00000006c4d1fbe8,0x00000006d4900000)
 Metaspace       used 38638K, capacity 42568K, committed 60504K, reserved 1103872K
  class space    used 3944K, capacity 4628K, committed 5504K, reserved 1048576K
}

